app/build/intermediates/manifest_merge_blame_file/debug/manifest-merger-blame-debug-report.txt
1<?xml version="1.0" encoding="utf-8"?>
2<manifest xmlns:android="http://schemas.android.com/apk/res/android"
3    package="com.example.pfa"
4    android:versionCode="1"
5    android:versionName="1.0" >
6
7    <uses-sdk
8        android:minSdkVersion="21"
8-->src\main\AndroidManifest.xml
9        android:targetSdkVersion="31" />
9-->src\main\AndroidManifest.xml
10    <!-- Permissions for internet -->
11    <uses-permission android:name="android.permission.INTERNET" />
11-->src\main\AndroidManifest.xml:5:5-67
11-->src\main\AndroidManifest.xml:5:22-64
12    <uses-permission android:name="android.permission.ACCESS_NETWORK_STATE" />
12-->src\main\AndroidManifest.xml:6:5-79
12-->src\main\AndroidManifest.xml:6:22-76
13    <uses-permission android:name="android.permission.WAKE_LOCK" />
13-->[com.google.android.gms:play-services-measurement-api:20.0.0] AndroidManifest.xml:24:5-68
13-->[com.google.android.gms:play-services-measurement-api:20.0.0] AndroidManifest.xml:24:22-65
14    <uses-permission android:name="com.google.android.finsky.permission.BIND_GET_INSTALL_REFERRER_SERVICE" />
14-->[com.google.android.gms:play-services-measurement:20.0.0] AndroidManifest.xml:26:5-110
14-->[com.google.android.gms:play-services-measurement:20.0.0] AndroidManifest.xml:26:22-107
15
16    <application
16-->src\main\AndroidManifest.xml:8:5-36:19
17        android:allowBackup="true"
17-->src\main\AndroidManifest.xml:9:9-35
18        android:appComponentFactory="androidx.core.app.CoreComponentFactory"
18-->[androidx.core:core:1.5.0] AndroidManifest.xml:24:18-86
19        android:debuggable="true"
20        android:icon="@mipmap/ic_launcher"
20-->src\main\AndroidManifest.xml:10:9-43
21        android:label="@string/app_name"
21-->src\main\AndroidManifest.xml:11:9-41
22        android:roundIcon="@mipmap/ic_launcher_round"
22-->src\main\AndroidManifest.xml:12:9-54
23        android:supportsRtl="true"
23-->src\main\AndroidManifest.xml:13:9-35
24        android:testOnly="true"
25        android:theme="@style/Theme.Pfa" >
25-->src\main\AndroidManifest.xml:14:9-41
26        <activity
26-->src\main\AndroidManifest.xml:15:9-17:40
27            android:name="ma.gi.pfa.Update"
27-->src\main\AndroidManifest.xml:16:13-35
28            android:exported="false" />
28-->src\main\AndroidManifest.xml:17:13-37
29        <activity
29-->src\main\AndroidManifest.xml:18:9-26:20
30            android:name="ma.gi.pfa.MainActivity"
30-->src\main\AndroidManifest.xml:19:13-41
31            android:exported="true" >
31-->src\main\AndroidManifest.xml:20:13-36
32            <intent-filter>
32-->src\main\AndroidManifest.xml:21:13-25:29
33                <action android:name="android.intent.action.MAIN" />
33-->src\main\AndroidManifest.xml:22:17-69
33-->src\main\AndroidManifest.xml:22:25-66
34
35                <category android:name="android.intent.category.LAUNCHER" />
35-->src\main\AndroidManifest.xml:24:17-77
35-->src\main\AndroidManifest.xml:24:27-74
36            </intent-filter>
37        </activity>
38        <activity
38-->src\main\AndroidManifest.xml:27:9-29:49
39            android:name="ma.gi.pfa.ProfActivity"
39-->src\main\AndroidManifest.xml:28:13-41
40            android:exported="false" />
40-->src\main\AndroidManifest.xml:29:13-37
41        <activity
41-->src\main\AndroidManifest.xml:30:9-32:40
42            android:name="ma.gi.pfa.ChefFiliereActivity"
42-->src\main\AndroidManifest.xml:31:13-48
43            android:exported="false" />
43-->src\main\AndroidManifest.xml:32:13-37
44        <activity
44-->src\main\AndroidManifest.xml:33:9-35:49
45            android:name="ma.gi.pfa.EtudiantActivity"
45-->src\main\AndroidManifest.xml:34:13-45
46            android:exported="false" />
46-->src\main\AndroidManifest.xml:35:13-37
47        <activity
47-->[com.google.firebase:firebase-auth:21.0.1] AndroidManifest.xml:27:9-44:20
48            android:name="com.google.firebase.auth.internal.GenericIdpActivity"
48-->[com.google.firebase:firebase-auth:21.0.1] AndroidManifest.xml:28:13-80
49            android:excludeFromRecents="true"
49-->[com.google.firebase:firebase-auth:21.0.1] AndroidManifest.xml:29:13-46
50            android:exported="true"
50-->[com.google.firebase:firebase-auth:21.0.1] AndroidManifest.xml:30:13-36
51            android:launchMode="singleTask"
51-->[com.google.firebase:firebase-auth:21.0.1] AndroidManifest.xml:31:13-44
52            android:theme="@android:style/Theme.Translucent.NoTitleBar" >
52-->[com.google.firebase:firebase-auth:21.0.1] AndroidManifest.xml:32:13-72
53            <intent-filter>
53-->[com.google.firebase:firebase-auth:21.0.1] AndroidManifest.xml:33:13-43:29
54                <action android:name="android.intent.action.VIEW" />
54-->[com.google.firebase:firebase-auth:21.0.1] AndroidManifest.xml:34:17-69
54-->[com.google.firebase:firebase-auth:21.0.1] AndroidManifest.xml:34:25-66
55
56                <category android:name="android.intent.category.DEFAULT" />
56-->[com.google.firebase:firebase-auth:21.0.1] AndroidManifest.xml:36:17-76
56-->[com.google.firebase:firebase-auth:21.0.1] AndroidManifest.xml:36:27-73
57                <category android:name="android.intent.category.BROWSABLE" />
57-->[com.google.firebase:firebase-auth:21.0.1] AndroidManifest.xml:37:17-78
57-->[com.google.firebase:firebase-auth:21.0.1] AndroidManifest.xml:37:27-75
58
59                <data
59-->[com.google.firebase:firebase-auth:21.0.1] AndroidManifest.xml:39:17-42:51
60                    android:host="firebase.auth"
60-->[com.google.firebase:firebase-auth:21.0.1] AndroidManifest.xml:40:21-49
61                    android:path="/"
61-->[com.google.firebase:firebase-auth:21.0.1] AndroidManifest.xml:41:21-37
62                    android:scheme="genericidp" />
62-->[com.google.firebase:firebase-auth:21.0.1] AndroidManifest.xml:42:21-48
63            </intent-filter>
64        </activity>
65        <activity
65-->[com.google.firebase:firebase-auth:21.0.1] AndroidManifest.xml:45:9-62:20
66            android:name="com.google.firebase.auth.internal.RecaptchaActivity"
66-->[com.google.firebase:firebase-auth:21.0.1] AndroidManifest.xml:46:13-79
67            android:excludeFromRecents="true"
67-->[com.google.firebase:firebase-auth:21.0.1] AndroidManifest.xml:47:13-46
68            android:exported="true"
68-->[com.google.firebase:firebase-auth:21.0.1] AndroidManifest.xml:48:13-36
69            android:launchMode="singleTask"
69-->[com.google.firebase:firebase-auth:21.0.1] AndroidManifest.xml:49:13-44
70            android:theme="@android:style/Theme.Translucent.NoTitleBar" >
70-->[com.google.firebase:firebase-auth:21.0.1] AndroidManifest.xml:50:13-72
71            <intent-filter>
71-->[com.google.firebase:firebase-auth:21.0.1] AndroidManifest.xml:51:13-61:29
72                <action android:name="android.intent.action.VIEW" />
72-->[com.google.firebase:firebase-auth:21.0.1] AndroidManifest.xml:34:17-69
72-->[com.google.firebase:firebase-auth:21.0.1] AndroidManifest.xml:34:25-66
73
74                <category android:name="android.intent.category.DEFAULT" />
74-->[com.google.firebase:firebase-auth:21.0.1] AndroidManifest.xml:36:17-76
74-->[com.google.firebase:firebase-auth:21.0.1] AndroidManifest.xml:36:27-73
75                <category android:name="android.intent.category.BROWSABLE" />
75-->[com.google.firebase:firebase-auth:21.0.1] AndroidManifest.xml:37:17-78
75-->[com.google.firebase:firebase-auth:21.0.1] AndroidManifest.xml:37:27-75
76
77                <data
77-->[com.google.firebase:firebase-auth:21.0.1] AndroidManifest.xml:39:17-42:51
78                    android:host="firebase.auth"
78-->[com.google.firebase:firebase-auth:21.0.1] AndroidManifest.xml:40:21-49
79                    android:path="/"
79-->[com.google.firebase:firebase-auth:21.0.1] AndroidManifest.xml:41:21-37
80                    android:scheme="recaptcha" />
80-->[com.google.firebase:firebase-auth:21.0.1] AndroidManifest.xml:42:21-48
81            </intent-filter>
82        </activity>
83
84        <service
84-->[com.google.firebase:firebase-auth:21.0.1] AndroidManifest.xml:64:9-73:19
85            android:name="com.google.firebase.auth.api.fallback.service.FirebaseAuthFallbackService"
85-->[com.google.firebase:firebase-auth:21.0.1] AndroidManifest.xml:65:13-101
86            android:enabled="true"
86-->[com.google.firebase:firebase-auth:21.0.1] AndroidManifest.xml:66:13-35
87            android:exported="false" >
87-->[com.google.firebase:firebase-auth:21.0.1] AndroidManifest.xml:67:13-37
88            <intent-filter>
88-->[com.google.firebase:firebase-auth:21.0.1] AndroidManifest.xml:68:13-72:29
89                <action android:name="com.google.firebase.auth.api.gms.service.START" />
89-->[com.google.firebase:firebase-auth:21.0.1] AndroidManifest.xml:69:17-89
89-->[com.google.firebase:firebase-auth:21.0.1] AndroidManifest.xml:69:25-86
90
91                <category android:name="android.intent.category.DEFAULT" />
91-->[com.google.firebase:firebase-auth:21.0.1] AndroidManifest.xml:36:17-76
91-->[com.google.firebase:firebase-auth:21.0.1] AndroidManifest.xml:36:27-73
92            </intent-filter>
93        </service>
94        <service
94-->[com.google.firebase:firebase-auth:21.0.1] AndroidManifest.xml:74:9-80:19
95            android:name="com.google.firebase.components.ComponentDiscoveryService"
95-->[com.google.firebase:firebase-auth:21.0.1] AndroidManifest.xml:75:13-84
96            android:directBootAware="true"
96-->[com.google.firebase:firebase-common:20.0.0] AndroidManifest.xml:35:13-43
97            android:exported="false" >
97-->[com.google.firebase:firebase-auth:21.0.1] AndroidManifest.xml:76:13-37
98            <meta-data
98-->[com.google.firebase:firebase-auth:21.0.1] AndroidManifest.xml:77:13-79:85
99                android:name="com.google.firebase.components:com.google.firebase.auth.FirebaseAuthRegistrar"
99-->[com.google.firebase:firebase-auth:21.0.1] AndroidManifest.xml:78:17-109
100                android:value="com.google.firebase.components.ComponentRegistrar" />
100-->[com.google.firebase:firebase-auth:21.0.1] AndroidManifest.xml:79:17-82
101            <meta-data
101-->[com.google.firebase:firebase-firestore:24.0.0] AndroidManifest.xml:20:13-22:85
102                android:name="com.google.firebase.components:com.google.firebase.firestore.FirestoreRegistrar"
102-->[com.google.firebase:firebase-firestore:24.0.0] AndroidManifest.xml:21:17-111
103                android:value="com.google.firebase.components.ComponentRegistrar" />
103-->[com.google.firebase:firebase-firestore:24.0.0] AndroidManifest.xml:22:17-82
104            <meta-data
104-->[com.google.android.gms:play-services-measurement-api:20.0.0] AndroidManifest.xml:30:13-32:85
105                android:name="com.google.firebase.components:com.google.firebase.analytics.connector.internal.AnalyticsConnectorRegistrar"
105-->[com.google.android.gms:play-services-measurement-api:20.0.0] AndroidManifest.xml:31:17-139
106                android:value="com.google.firebase.components.ComponentRegistrar" />
106-->[com.google.android.gms:play-services-measurement-api:20.0.0] AndroidManifest.xml:32:17-82
107            <meta-data
107-->[com.google.firebase:firebase-installations:17.0.0] AndroidManifest.xml:18:13-20:85
108                android:name="com.google.firebase.components:com.google.firebase.installations.FirebaseInstallationsRegistrar"
108-->[com.google.firebase:firebase-installations:17.0.0] AndroidManifest.xml:19:17-127
109                android:value="com.google.firebase.components.ComponentRegistrar" />
109-->[com.google.firebase:firebase-installations:17.0.0] AndroidManifest.xml:20:17-82
110        </service>
111
112        <provider
112-->[com.google.firebase:firebase-common:20.0.0] AndroidManifest.xml:26:9-31:39
113            android:name="com.google.firebase.provider.FirebaseInitProvider"
113-->[com.google.firebase:firebase-common:20.0.0] AndroidManifest.xml:27:13-77
114            android:authorities="com.example.pfa.firebaseinitprovider"
114-->[com.google.firebase:firebase-common:20.0.0] AndroidManifest.xml:28:13-72
115            android:directBootAware="true"
115-->[com.google.firebase:firebase-common:20.0.0] AndroidManifest.xml:29:13-43
116            android:exported="false"
116-->[com.google.firebase:firebase-common:20.0.0] AndroidManifest.xml:30:13-37
117            android:initOrder="100" />
117-->[com.google.firebase:firebase-common:20.0.0] AndroidManifest.xml:31:13-36
118
119        <activity
119-->[com.google.android.gms:play-services-base:17.1.0] AndroidManifest.xml:23:9-26:75
120            android:name="com.google.android.gms.common.api.GoogleApiActivity"
120-->[com.google.android.gms:play-services-base:17.1.0] AndroidManifest.xml:24:13-79
121            android:exported="false"
121-->[com.google.android.gms:play-services-base:17.1.0] AndroidManifest.xml:25:13-37
122            android:theme="@android:style/Theme.Translucent.NoTitleBar" />
122-->[com.google.android.gms:play-services-base:17.1.0] AndroidManifest.xml:26:13-72
123
124        <receiver
124-->[com.google.android.gms:play-services-measurement:20.0.0] AndroidManifest.xml:29:9-33:20
125            android:name="com.google.android.gms.measurement.AppMeasurementReceiver"
125-->[com.google.android.gms:play-services-measurement:20.0.0] AndroidManifest.xml:30:13-85
126            android:enabled="true"
126-->[com.google.android.gms:play-services-measurement:20.0.0] AndroidManifest.xml:31:13-35
127            android:exported="false" >
127-->[com.google.android.gms:play-services-measurement:20.0.0] AndroidManifest.xml:32:13-37
128        </receiver>
129
130        <service
130-->[com.google.android.gms:play-services-measurement:20.0.0] AndroidManifest.xml:35:9-38:40
131            android:name="com.google.android.gms.measurement.AppMeasurementService"
131-->[com.google.android.gms:play-services-measurement:20.0.0] AndroidManifest.xml:36:13-84
132            android:enabled="true"
132-->[com.google.android.gms:play-services-measurement:20.0.0] AndroidManifest.xml:37:13-35
133            android:exported="false" />
133-->[com.google.android.gms:play-services-measurement:20.0.0] AndroidManifest.xml:38:13-37
134        <service
134-->[com.google.android.gms:play-services-measurement:20.0.0] AndroidManifest.xml:39:9-43:72
135            android:name="com.google.android.gms.measurement.AppMeasurementJobService"
135-->[com.google.android.gms:play-services-measurement:20.0.0] AndroidManifest.xml:40:13-87
136            android:enabled="true"
136-->[com.google.android.gms:play-services-measurement:20.0.0] AndroidManifest.xml:41:13-35
137            android:exported="false"
137-->[com.google.android.gms:play-services-measurement:20.0.0] AndroidManifest.xml:42:13-37
138            android:permission="android.permission.BIND_JOB_SERVICE" />
138-->[com.google.android.gms:play-services-measurement:20.0.0] AndroidManifest.xml:43:13-69
139
140        <meta-data
140-->[com.google.android.gms:play-services-basement:17.1.0] AndroidManifest.xml:23:9-25:69
141            android:name="com.google.android.gms.version"
141-->[com.google.android.gms:play-services-basement:17.1.0] AndroidManifest.xml:24:13-58
142            android:value="@integer/google_play_services_version" />
142-->[com.google.android.gms:play-services-basement:17.1.0] AndroidManifest.xml:25:13-66
143    </application>
144
145</manifest>